This is pdfTeX, Version 3.1415926-2.5-1.40.14 (MiKTeX 2.9) (preloaded format=pdftex 2014.10.31)  1 JAN 2015 20:36
entering extended mode
**D:/Skola/repo/AFServer/Documents/thesis/reference.bib
(D:/Skola/repo/AFServer/Documents/thesis/reference.bib
Missing character: There is no Ã in font cmr10!
Missing character: There is no ½ in font cmr10!
Missing character: There is no Ã in font cmr10!
Missing character: There is no ½ in font cmr10!
Missing character: There is no Ã in font cmr10!
Missing character: There is no ­ in font cmr10!
Missing character: There is no Ä in font cmr10!
Missing character: There is no › in font cmr10!
Missing character: There is no Ã in font cmr10!
Missing character: There is no ¡ in font cmr10!
Missing character: There is no Ã in font cmr10!
Missing character: There is no ½ in font cmr10!
Missing character: There is no Ã in font cmr10!
Missing character: There is no ¡ in font cmr10!

! Missing $ inserted.
<inserted text> 
                $
<to be read again> 
                   \mskip 
\,->\mskip 
           \thinmuskip 
l.13   cited = "10.\,
                     12.\,2014",
? 
! Emergency stop.
<inserted text> 
                $
<to be read again> 
                   \mskip 
\,->\mskip 
           \thinmuskip 
l.13   cited = "10.\,
                     12.\,2014",
End of file on the terminal!

!  ==> Fatal error occurred, no output PDF file produced!
