\BOOKMARK [0][-]{chapter.1}{\376\377\000\332\000v\000o\000d}{}% 1
\BOOKMARK [1][-]{section.1.1}{\376\377\000M\000o\000t\000i\000v\000a\000c\000e}{chapter.1}% 2
\BOOKMARK [0][-]{chapter.2}{\376\377\000P\000o\000p\000i\000s\000\040\000p\000r\000o\000b\000l\000\351\000m\000u\000\040\000a\000\040\000s\000p\000e\000c\000i\000f\000i\000k\000a\000c\000e\000\040\000c\000\355\000l\000e}{}% 3
\BOOKMARK [1][-]{section.2.1}{\376\377\000P\000o\000p\000i\000s\000\040\000p\000r\000o\000b\000l\000e\000m\000a\000t\000i\000k\000y}{chapter.2}% 4
\BOOKMARK [2][-]{subsection.2.1.1}{\376\377\000T\000y\000p\000y\000\040\000u\001\176\000i\000v\000a\000t\000e\000l\000s\000k\000\375\000c\000h\000\040\000r\000o\000z\000h\000r\000a\000n\000\355}{section.2.1}% 5
\BOOKMARK [2][-]{subsection.2.1.2}{\376\377\000Z\000\355\000s\000k\000\341\000v\000\341\000n\000\355\000\040\000a\000\040\000v\000k\000l\000\341\000d\000\341\000n\000\355\000\040\000d\000a\000t}{section.2.1}% 6
\BOOKMARK [2][-]{subsection.2.1.3}{\376\377\000A\000s\000p\000e\000k\000t\000o\000v\000\375\000\040\000p\001\131\000\355\000s\000t\000u\000p}{section.2.1}% 7
\BOOKMARK [1][-]{section.2.2}{\376\377\000E\000x\000i\000s\000t\000u\000j\000\355\000c\000\355\000\040\001\131\000e\001\141\000e\000n\000\355}{chapter.2}% 8
\BOOKMARK [2][-]{subsection.2.2.1}{\376\377\000S\000w\000i\000n\000X\000m\000l}{section.2.2}% 9
\BOOKMARK [2][-]{subsection.2.2.2}{\376\377\000M\000e\000t\000a\000w\000i\000d\000g\000e\000t}{section.2.2}% 10
\BOOKMARK [2][-]{subsection.2.2.3}{\376\377\000A\000s\000p\000e\000c\000t\000F\000a\000c\000e\000s}{section.2.2}% 11
\BOOKMARK [1][-]{section.2.3}{\376\377\000C\000\355\000l\000e\000\040\000p\000r\000o\000j\000e\000k\000t\000u}{chapter.2}% 12
\BOOKMARK [0][-]{chapter.3}{\376\377\000A\000n\000a\000l\000\375\000z\000a}{}% 13
\BOOKMARK [1][-]{section.3.1}{\376\377\000F\000u\000n\000k\001\015\000n\000\355\000\040\000s\000p\000e\000c\000i\000f\000i\000k\000a\000c\000e}{chapter.3}% 14
\BOOKMARK [2][-]{subsection.3.1.1}{\376\377\000F\000u\000n\000k\001\015\000n\000\355\000\040\000p\000o\001\176\000a\000d\000a\000v\000k\000y}{section.3.1}% 15
\BOOKMARK [1][-]{section.3.2}{\376\377\000P\000o\000p\000i\000s\000\040\000a\000r\000c\000h\000i\000t\000e\000k\000t\000u\000r\000y\000\040\000a\000\040\000k\000o\000m\000u\000n\000i\000k\000a\000c\000e}{chapter.3}% 16
\BOOKMARK [2][-]{subsection.3.2.1}{\376\377\000M\000e\000t\000a\000d\000a\000t\000a}{section.3.2}% 17
\BOOKMARK [3][-]{subsubsection.3.2.1.1}{\376\377\000A\000F\000M\000e\000t\000a\000M\000o\000d\000e\000l\000P\000a\000c\000k}{subsection.3.2.1}% 18
\BOOKMARK [3][-]{subsubsection.3.2.1.2}{\376\377\000A\000F\000C\000l\000a\000s\000s\000I\000n\000f\000o}{subsection.3.2.1}% 19
\BOOKMARK [3][-]{subsubsection.3.2.1.3}{\376\377\000A\000F\000F\000i\000e\000l\000d\000I\000n\000f\000o}{subsection.3.2.1}% 20
\BOOKMARK [3][-]{subsubsection.3.2.1.4}{\376\377\000A\000F\000R\000u\000l\000e}{subsection.3.2.1}% 21
\BOOKMARK [3][-]{subsubsection.3.2.1.5}{\376\377\000A\000F\000O\000p\000t\000i\000o\000n\000s}{subsection.3.2.1}% 22
\BOOKMARK [2][-]{subsection.3.2.2}{\376\377\000S\000e\000r\000v\000e\000r}{section.3.2}% 23
\BOOKMARK [2][-]{subsection.3.2.3}{\376\377\000K\000l\000i\000e\000n\000t}{section.3.2}% 24
\BOOKMARK [2][-]{subsection.3.2.4}{\376\377\001\175\000i\000v\000o\000t\000n\000\355\000\040\000c\000y\000k\000l\000u\000s\000\040\000f\000o\000r\000m\000u\000l\000\341\001\131\000e}{section.3.2}% 25
\BOOKMARK [1][-]{section.3.3}{\376\377\000P\001\131\000\355\000p\000a\000d\000y\000\040\000u\001\176\000i\000t\000\355}{chapter.3}% 26
\BOOKMARK [2][-]{subsubsection.3.3.0.1}{\376\377\000V\000a\000l\000i\000d\000a\000c\000e\000\040\000k\000o\000m\000p\000o\000n\000e\000n\000t\000y}{section.3.3}% 27
\BOOKMARK [1][-]{section.3.4}{\376\377\000O\000m\000e\000z\000e\000n\000\355\000\040\000f\000r\000a\000m\000e\000w\000o\000r\000k\000u}{chapter.3}% 28
\BOOKMARK [1][-]{section.3.5}{\376\377\000U\001\176\000i\000v\000a\000t\000e\000l\000\351\000\040\000a\000\040\000z\000a\000b\000e\000z\000p\000e\001\015\000e\000n\000\355}{chapter.3}% 29
\BOOKMARK [1][-]{section.3.6}{\376\377\000P\000o\000u\001\176\000i\000t\000\351\000\040\000t\000e\000c\000h\000n\000o\000l\000o\000g\000i\000e}{chapter.3}% 30
\BOOKMARK [2][-]{subsection.3.6.1}{\376\377\000J\000a\000v\000a\000\040\000S\000E\000\040\000-\000\040\000S\000w\000i\000n\000g}{section.3.6}% 31
\BOOKMARK [2][-]{subsection.3.6.2}{\376\377\000J\000a\000v\000a\000\040\000E\000E}{section.3.6}% 32
\BOOKMARK [2][-]{subsection.3.6.3}{\376\377\000A\000s\000p\000e\000c\000t\000F\000a\000c\000e\000s}{section.3.6}% 33
\BOOKMARK [2][-]{subsection.3.6.4}{\376\377\000U\000k\000\341\000z\000k\000o\000v\000\375\000\040\000p\000r\000o\000j\000e\000k\000t}{section.3.6}% 34
\BOOKMARK [3][-]{subsubsection.3.6.4.1}{\376\377\000G\000l\000a\000s\000s\000F\000i\000s\000h}{subsection.3.6.4}% 35
\BOOKMARK [3][-]{subsubsection.3.6.4.2}{\376\377\000R\000e\000s\000t\000E\000a\000s\000y}{subsection.3.6.4}% 36
\BOOKMARK [3][-]{subsubsection.3.6.4.3}{\376\377\000E\000J\000B}{subsection.3.6.4}% 37
\BOOKMARK [2][-]{subsection.3.6.5}{\376\377\000D\000e\000r\000b\000y\000\040\000D\000B}{section.3.6}% 38
\BOOKMARK [0][-]{chapter.4}{\376\377\000I\000m\000p\000l\000e\000m\000e\000n\000t\000a\000c\000e}{}% 39
\BOOKMARK [1][-]{section.4.1}{\376\377\000A\000r\000c\000h\000i\000t\000e\000k\000t\000u\000r\000a}{chapter.4}% 40
\BOOKMARK [2][-]{subsection.4.1.1}{\376\377\000S\000e\000r\000v\000e\000r}{section.4.1}% 41
\BOOKMARK [3][-]{subsubsection.4.1.1.1}{\376\377\000G\000e\000n\000e\000r\000o\000v\000\341\000n\000\355\000\040\000m\000o\000d\000e\000l\000u}{subsection.4.1.1}% 42
\BOOKMARK [3][-]{subsubsection.4.1.1.2}{\376\377\000P\000o\000u\001\176\000i\000t\000\355}{subsection.4.1.1}% 43
\BOOKMARK [2][-]{subsection.4.1.2}{\376\377\000K\000l\000i\000e\000n\000t}{section.4.1}% 44
\BOOKMARK [3][-]{subsubsection.4.1.2.1}{\376\377\000K\000o\000m\000p\000o\000n\000e\000n\000t\000y}{subsection.4.1.2}% 45
\BOOKMARK [1][-]{section.4.2}{\376\377\000P\001\131\000e\000n\000o\000s\000\040\000m\000o\000d\000e\000l\000u\000\040\000s\000e\000r\000v\000e\000r\000\040\000k\000l\000i\000e\000n\000t\000\040\000a\000\040\000g\000e\000n\000e\000r\000o\000v\000\341\000n\000\355\000\040\000k\000o\000m\000p\000o\000n\000e\000n\000t}{chapter.4}% 46
\BOOKMARK [2][-]{subsection.4.2.1}{\376\377\000G\000e\000n\000e\000r\000o\000v\000\341\000n\000\355\000\040\000k\000o\000m\000p\000o\000n\000e\000n\000t}{section.4.2}% 47
\BOOKMARK [3][-]{subsubsection.4.2.1.1}{\376\377\000V\000k\000l\000\341\000d\000\341\000n\000\355\000\040\000d\000a\000t\000\040\000d\000o\000\040\000k\000o\000m\000p\000o\000n\000e\000n\000t\000y}{subsection.4.2.1}% 48
\BOOKMARK [3][-]{subsubsection.4.2.1.2}{\376\377\000W\000i\000d\000g\000e\000t\000\040\000b\000u\000i\000l\000d\000e\000r}{subsection.4.2.1}% 49
\BOOKMARK [3][-]{subsubsection.4.2.1.3}{\376\377\000S\000k\000i\000n}{subsection.4.2.1}% 50
\BOOKMARK [1][-]{section.4.3}{\376\377\000P\001\131\000e\000n\000o\000s\000\040\000a\000\040\000g\000e\000n\000e\000r\000o\000v\000\341\000n\000\355\000\040\000d\000a\000t\000\040\000k\000l\000i\000e\000n\000t\000\040\000s\000e\000r\000v\000e\000r}{chapter.4}% 51
\BOOKMARK [1][-]{section.4.4}{\376\377\000L\000o\000k\000a\000l\000i\000z\000a\000c\000e}{chapter.4}% 52
\BOOKMARK [1][-]{section.4.5}{\376\377\000V\000a\000l\000i\000d\000a\000c\000e\000\040\000d\000a\000t\000\040\000a\000\040\000v\000l\000a\000s\000t\000n\000\355\000\040\000v\000a\000l\000i\000d\000\341\000t\000o\000r\000y}{chapter.4}% 53
\BOOKMARK [2][-]{subsection.4.5.1}{\376\377\000P\000o\000d\000p\000o\000r\000o\000v\000a\000n\000\351\000\040\000v\000a\000l\000i\000d\000a\000c\000e}{section.4.5}% 54
\BOOKMARK [2][-]{subsection.4.5.2}{\376\377\000V\000y\000h\000o\000d\000n\000o\000c\000e\000n\000\355\000\040\000v\000a\000l\000i\000d\000a\000c\000\355}{section.4.5}% 55
\BOOKMARK [1][-]{section.4.6}{\376\377\000L\000a\000y\000o\000u\000t\000y}{chapter.4}% 56
\BOOKMARK [2][-]{subsection.4.6.1}{\376\377\000L\000a\000y\000o\000u\000t\000\040\000b\000u\000i\000l\000d\000e\000r}{section.4.6}% 57
\BOOKMARK [1][-]{section.4.7}{\376\377\000B\000e\000z\000p\000e\001\015\000n\000o\000s\000t}{chapter.4}% 58
\BOOKMARK [2][-]{subsection.4.7.1}{\376\377\000P\001\131\000e\000n\000o\000s\000\040\000d\000a\000t}{section.4.7}% 59
\BOOKMARK [2][-]{subsection.4.7.2}{\376\377\000A\000u\000t\000e\000n\000t\000i\000z\000a\000c\000e\000\040\000a\000\040\000a\000u\000t\000o\000r\000i\000z\000a\000c\000e}{section.4.7}% 60
\BOOKMARK [1][-]{section.4.8}{\376\377\000P\000o\000r\000o\000v\000n\000\341\000n\000\355\000\040\000p\001\131\000\355\000s\000t\000u\000p\001\157}{chapter.4}% 61
\BOOKMARK [0][-]{chapter.5}{\376\377\000T\000e\000s\000t\000o\000v\000\341\000n\000\355}{}% 62
\BOOKMARK [1][-]{section.5.1}{\376\377\000U\000n\000i\000t\000\040\000t\000e\000s\000t\000y}{chapter.5}% 63
\BOOKMARK [1][-]{section.5.2}{\376\377\000U\001\176\000i\000v\000a\000t\000e\000l\000s\000k\000\375\000\040\000t\000e\000s\000t}{chapter.5}% 64
\BOOKMARK [2][-]{subsection.5.2.1}{\376\377\000C\000\355\000l\000o\000v\000\341\000\040\000s\000k\000u\000p\000i\000n\000a}{section.5.2}% 65
\BOOKMARK [2][-]{subsection.5.2.2}{\376\377\000T\000e\000s\000t\000\040\000s\000e\000t\000u\000p}{section.5.2}% 66
\BOOKMARK [2][-]{subsection.5.2.3}{\376\377\000T\000e\000s\000t\000\040\000c\000a\000s\000e}{section.5.2}% 67
\BOOKMARK [2][-]{subsection.5.2.4}{\376\377\000V\000y\000h\000o\000d\000n\000o\000c\000e\000n\000\355}{section.5.2}% 68
\BOOKMARK [1][-]{section.5.3}{\376\377\000U\000k\000\341\000z\000k\000o\000v\000\375\000\040\000p\000r\000o\000j\000e\000k\000t}{chapter.5}% 69
\BOOKMARK [2][-]{subsection.5.3.1}{\376\377\000P\000o\000p\000i\000s\000\040\000p\000r\000o\000j\000e\000k\000t\000u}{section.5.3}% 70
\BOOKMARK [2][-]{subsection.5.3.2}{\376\377\000N\000a\000s\000a\000z\000e\000n\000\355}{section.5.3}% 71
\BOOKMARK [0][-]{chapter.6}{\376\377\000Z\000\341\000v\001\033\000r}{}% 72
\BOOKMARK [1][-]{section.6.1}{\376\377\000B\000u\000d\000o\000u\000c\000\355\000\040\000v\000\375\000v\000o\000j}{chapter.6}% 73
\BOOKMARK [1][-]{section.6.2}{\376\377\000Z\000h\000o\000d\000n\000o\000c\000e\000n\000\355\000\040\000p\000r\000\341\000c\000e}{chapter.6}% 74
\BOOKMARK [0][-]{appendix.A}{\376\377\000S\000e\000z\000n\000a\000m\000\040\000p\000o\000u\001\176\000i\000t\000\375\000c\000h\000\040\000z\000k\000r\000a\000t\000e\000k}{}% 75
\BOOKMARK [0][-]{appendix.B}{\376\377\000I\000n\000s\000t\000a\000l\000a\001\015\000n\000\355\000\040\000a\000\040\000u\001\176\000i\000v\000a\000t\000e\000l\000s\000k\000\341\000\040\000p\001\131\000\355\000r\000u\001\015\000k\000a}{}% 76
\BOOKMARK [1][-]{section.B.1}{\376\377\000M\000a\000v\000e\000n\000\040\000z\000\341\000v\000i\000s\000l\000o\000s\000t\000i}{appendix.B}% 77
\BOOKMARK [1][-]{section.B.2}{\376\377\000U\000k\000\341\000z\000k\000o\000v\000\375\000\040\000p\000r\000o\000j\000e\000k\000t}{appendix.B}% 78
\BOOKMARK [0][-]{appendix.C}{\376\377\000U\000M\000L\000\040\000d\000i\000a\000g\000r\000a\000m\000y}{}% 79
\BOOKMARK [0][-]{appendix.D}{\376\377\000U\000k\000\341\000z\000k\000y\000\040\000z\000d\000r\000o\000j\000o\000v\000\351\000h\000o\000\040\000k\000\363\000d\000u\000\040\000a\000\040\000X\000M\000L\000\040\000s\000o\000u\000b\000o\000r\001\157}{}% 80
\BOOKMARK [0][-]{appendix.E}{\376\377\000O\000b\000s\000a\000h\000\040\000p\001\131\000i\000l\000o\001\176\000e\000n\000\351\000h\000o\000\040\000C\000D}{}% 81
